{"/Applications/Projects/qr-voucher-prototype/apps/backend/src/app.controller.ts": {"path":"/Applications/Projects/qr-voucher-prototype/apps/backend/src/app.controller.ts","statementMap":{"0":{"start":{"line":1,"column":0},"end":{"line":1,"column":49}},"1":{"start":{"line":2,"column":0},"end":{"line":2,"column":43}},"2":{"start":{"line":5,"column":7},"end":{"line":12,"column":null}},"3":{"start":{"line":6,"column":31},"end":{"line":6,"column":43}},"4":{"start":{"line":10,"column":4},"end":{"line":10,"column":38}},"5":{"start":{"line":5,"column":13},"end":{"line":5,"column":26}},"6":{"start":{"line":9,"column":2},"end":{"line":11,"column":null}},"7":{"start":{"line":5,"column":13},"end":{"line":12,"column":null}}},"fnMap":{"0":{"name":"(anonymous_2)","decl":{"start":{"line":6,"column":2},"end":{"line":6,"column":31}},"loc":{"start":{"line":6,"column":53},"end":{"line":6,"column":57}}},"1":{"name":"(anonymous_3)","decl":{"start":{"line":9,"column":2},"end":{"line":9,"column":10}},"loc":{"start":{"line":9,"column":10},"end":{"line":11,"column":3}}}},"branchMap":{"0":{"loc":{"start":{"line":6,"column":43},"end":{"line":6,"column":56}},"type":"cond-expr","locations":[{"start":{"line":6,"column":53},"end":{"line":6,"column":56}},{"start":{"line":6,"column":53},"end":{"line":6,"column":56}}]},"1":{"loc":{"start":{"line":6,"column":43},"end":{"line":6,"column":53}},"type":"binary-expr","locations":[{"start":{"line":6,"column":43},"end":{"line":6,"column":56}},{"start":{"line":6,"column":43},"end":{"line":6,"column":53}}]}},"s":{"0":1,"1":1,"2":1,"3":1,"4":1,"5":1,"6":1,"7":1},"f":{"0":1,"1":1},"b":{"0":[1,0],"1":[1,1]}}
,"/Applications/Projects/qr-voucher-prototype/apps/backend/src/app.module.ts": {"path":"/Applications/Projects/qr-voucher-prototype/apps/backend/src/app.module.ts","statementMap":{"0":{"start":{"line":1,"column":0},"end":{"line":1,"column":40}},"1":{"start":{"line":2,"column":0},"end":{"line":2,"column":49}},"2":{"start":{"line":3,"column":0},"end":{"line":3,"column":43}},"3":{"start":{"line":4,"column":0},"end":{"line":4,"column":54}},"4":{"start":{"line":5,"column":0},"end":{"line":5,"column":57}},"5":{"start":{"line":6,"column":0},"end":{"line":6,"column":60}},"6":{"start":{"line":7,"column":0},"end":{"line":7,"column":63}},"7":{"start":{"line":14,"column":7},"end":{"line":14,"column":null}},"8":{"start":{"line":14,"column":13},"end":{"line":14,"column":22}},"9":{"start":{"line":14,"column":13},"end":{"line":14,"column":null}}},"fnMap":{},"branchMap":{},"s":{"0":0,"1":0,"2":0,"3":0,"4":0,"5":0,"6":0,"7":0,"8":0,"9":0},"f":{},"b":{}}
,"/Applications/Projects/qr-voucher-prototype/apps/backend/src/app.service.ts": {"path":"/Applications/Projects/qr-voucher-prototype/apps/backend/src/app.service.ts","statementMap":{"0":{"start":{"line":1,"column":0},"end":{"line":1,"column":44}},"1":{"start":{"line":4,"column":7},"end":{"line":8,"column":null}},"2":{"start":{"line":6,"column":4},"end":{"line":6,"column":26}},"3":{"start":{"line":4,"column":13},"end":{"line":4,"column":23}},"4":{"start":{"line":4,"column":13},"end":{"line":8,"column":null}}},"fnMap":{"0":{"name":"(anonymous_1)","decl":{"start":{"line":5,"column":2},"end":{"line":5,"column":10}},"loc":{"start":{"line":5,"column":10},"end":{"line":7,"column":3}}}},"branchMap":{},"s":{"0":1,"1":1,"2":1,"3":1,"4":1},"f":{"0":1},"b":{}}
,"/Applications/Projects/qr-voucher-prototype/apps/backend/src/main.ts": {"path":"/Applications/Projects/qr-voucher-prototype/apps/backend/src/main.ts","statementMap":{"0":{"start":{"line":1,"column":0},"end":{"line":1,"column":23}},"1":{"start":{"line":2,"column":0},"end":{"line":2,"column":43}},"2":{"start":{"line":3,"column":0},"end":{"line":3,"column":48}},"3":{"start":{"line":4,"column":0},"end":{"line":4,"column":41}},"4":{"start":{"line":7,"column":14},"end":{"line":7,"column":49}},"5":{"start":{"line":8,"column":2},"end":{"line":14,"column":4}},"6":{"start":{"line":15,"column":2},"end":{"line":15,"column":56}},"7":{"start":{"line":17,"column":0},"end":{"line":17,"column":17}}},"fnMap":{"0":{"name":"bootstrap","decl":{"start":{"line":6,"column":15},"end":{"line":6,"column":24}},"loc":{"start":{"line":6,"column":24},"end":{"line":16,"column":1}}}},"branchMap":{"0":{"loc":{"start":{"line":15,"column":19},"end":{"line":15,"column":43}},"type":"binary-expr","locations":[{"start":{"line":15,"column":19},"end":{"line":15,"column":35}},{"start":{"line":15,"column":39},"end":{"line":15,"column":43}}]}},"s":{"0":0,"1":0,"2":0,"3":0,"4":0,"5":0,"6":0,"7":0},"f":{"0":0},"b":{"0":[0,0]}}
,"/Applications/Projects/qr-voucher-prototype/apps/backend/src/auth/current-user.decorator.ts": {"path":"/Applications/Projects/qr-voucher-prototype/apps/backend/src/auth/current-user.decorator.ts","statementMap":{"0":{"start":{"line":1,"column":0},"end":{"line":1,"column":72}},"1":{"start":{"line":3,"column":13},"end":{"line":10,"column":2}},"2":{"start":{"line":5,"column":39},"end":{"line":7,"column":38}},"3":{"start":{"line":8,"column":4},"end":{"line":8,"column":24}}},"fnMap":{"0":{"name":"(anonymous_0)","decl":{"start":{"line":4,"column":2},"end":{"line":4,"column":3}},"loc":{"start":{"line":4,"column":44},"end":{"line":9,"column":3}}}},"branchMap":{},"s":{"0":0,"1":0,"2":0,"3":0},"f":{"0":0},"b":{}}
,"/Applications/Projects/qr-voucher-prototype/apps/backend/src/countries/countries.controller.ts": {"path":"/Applications/Projects/qr-voucher-prototype/apps/backend/src/countries/countries.controller.ts","statementMap":{"0":{"start":{"line":1,"column":0},"end":{"line":1,"column":49}},"1":{"start":{"line":2,"column":0},"end":{"line":2,"column":55}},"2":{"start":{"line":6,"column":7},"end":{"line":13,"column":null}},"3":{"start":{"line":7,"column":31},"end":{"line":7,"column":49}},"4":{"start":{"line":11,"column":4},"end":{"line":11,"column":43}},"5":{"start":{"line":6,"column":13},"end":{"line":6,"column":32}},"6":{"start":{"line":10,"column":2},"end":{"line":12,"column":null}},"7":{"start":{"line":6,"column":13},"end":{"line":13,"column":null}}},"fnMap":{"0":{"name":"(anonymous_2)","decl":{"start":{"line":7,"column":2},"end":{"line":7,"column":31}},"loc":{"start":{"line":7,"column":65},"end":{"line":7,"column":69}}},"1":{"name":"(anonymous_3)","decl":{"start":{"line":10,"column":2},"end":{"line":10,"column":9}},"loc":{"start":{"line":10,"column":9},"end":{"line":12,"column":3}}}},"branchMap":{"0":{"loc":{"start":{"line":7,"column":49},"end":{"line":7,"column":68}},"type":"cond-expr","locations":[{"start":{"line":7,"column":65},"end":{"line":7,"column":68}},{"start":{"line":7,"column":65},"end":{"line":7,"column":68}}]},"1":{"loc":{"start":{"line":7,"column":49},"end":{"line":7,"column":65}},"type":"binary-expr","locations":[{"start":{"line":7,"column":49},"end":{"line":7,"column":68}},{"start":{"line":7,"column":49},"end":{"line":7,"column":65}}]}},"s":{"0":1,"1":1,"2":1,"3":2,"4":2,"5":1,"6":1,"7":1},"f":{"0":2,"1":2},"b":{"0":[1,0],"1":[1,1]}}
,"/Applications/Projects/qr-voucher-prototype/apps/backend/src/countries/countries.data.ts": {"path":"/Applications/Projects/qr-voucher-prototype/apps/backend/src/countries/countries.data.ts","statementMap":{"0":{"start":{"line":6,"column":13},"end":{"line":198,"column":2}}},"fnMap":{},"branchMap":{},"s":{"0":1},"f":{},"b":{}}
,"/Applications/Projects/qr-voucher-prototype/apps/backend/src/countries/countries.module.ts": {"path":"/Applications/Projects/qr-voucher-prototype/apps/backend/src/countries/countries.module.ts","statementMap":{"0":{"start":{"line":1,"column":0},"end":{"line":1,"column":40}},"1":{"start":{"line":2,"column":0},"end":{"line":2,"column":61}},"2":{"start":{"line":3,"column":0},"end":{"line":3,"column":55}},"3":{"start":{"line":10,"column":7},"end":{"line":10,"column":null}},"4":{"start":{"line":10,"column":13},"end":{"line":10,"column":28}},"5":{"start":{"line":10,"column":13},"end":{"line":10,"column":null}}},"fnMap":{},"branchMap":{},"s":{"0":0,"1":0,"2":0,"3":0,"4":0,"5":0},"f":{},"b":{}}
,"/Applications/Projects/qr-voucher-prototype/apps/backend/src/countries/countries.service.ts": {"path":"/Applications/Projects/qr-voucher-prototype/apps/backend/src/countries/countries.service.ts","statementMap":{"0":{"start":{"line":1,"column":0},"end":{"line":1,"column":44}},"1":{"start":{"line":2,"column":0},"end":{"line":2,"column":54}},"2":{"start":{"line":5,"column":7},"end":{"line":9,"column":null}},"3":{"start":{"line":7,"column":4},"end":{"line":7,"column":71}},"4":{"start":{"line":7,"column":41},"end":{"line":7,"column":69}},"5":{"start":{"line":5,"column":13},"end":{"line":5,"column":29}},"6":{"start":{"line":5,"column":13},"end":{"line":9,"column":null}}},"fnMap":{"0":{"name":"(anonymous_1)","decl":{"start":{"line":6,"column":2},"end":{"line":6,"column":9}},"loc":{"start":{"line":6,"column":9},"end":{"line":8,"column":3}}},"1":{"name":"(anonymous_2)","decl":{"start":{"line":7,"column":31},"end":{"line":7,"column":32}},"loc":{"start":{"line":7,"column":41},"end":{"line":7,"column":69}}}},"branchMap":{},"s":{"0":1,"1":1,"2":1,"3":0,"4":0,"5":1,"6":1},"f":{"0":0,"1":0},"b":{}}
,"/Applications/Projects/qr-voucher-prototype/apps/backend/src/prisma/prisma.module.ts": {"path":"/Applications/Projects/qr-voucher-prototype/apps/backend/src/prisma/prisma.module.ts","statementMap":{"0":{"start":{"line":1,"column":0},"end":{"line":1,"column":48}},"1":{"start":{"line":2,"column":0},"end":{"line":2,"column":49}},"2":{"start":{"line":9,"column":7},"end":{"line":9,"column":null}},"3":{"start":{"line":9,"column":13},"end":{"line":9,"column":25}},"4":{"start":{"line":9,"column":13},"end":{"line":9,"column":null}}},"fnMap":{},"branchMap":{},"s":{"0":0,"1":0,"2":0,"3":0,"4":0},"f":{},"b":{}}
,"/Applications/Projects/qr-voucher-prototype/apps/backend/src/prisma/prisma.service.ts": {"path":"/Applications/Projects/qr-voucher-prototype/apps/backend/src/prisma/prisma.service.ts","statementMap":{"0":{"start":{"line":1,"column":0},"end":{"line":1,"column":58}},"1":{"start":{"line":2,"column":0},"end":{"line":2,"column":46}},"2":{"start":{"line":3,"column":0},"end":{"line":3,"column":46}},"3":{"start":{"line":6,"column":7},"end":{"line":17,"column":null}},"4":{"start":{"line":8,"column":20},"end":{"line":10,"column":6}},"5":{"start":{"line":11,"column":4},"end":{"line":11,"column":23}},"6":{"start":{"line":15,"column":4},"end":{"line":15,"column":26}},"7":{"start":{"line":6,"column":13},"end":{"line":6,"column":26}},"8":{"start":{"line":6,"column":13},"end":{"line":17,"column":null}}},"fnMap":{"0":{"name":"(anonymous_2)","decl":{"start":{"line":7,"column":2},"end":{"line":7,"column":null}},"loc":{"start":{"line":7,"column":2},"end":{"line":12,"column":3}}},"1":{"name":"(anonymous_3)","decl":{"start":{"line":14,"column":2},"end":{"line":14,"column":7}},"loc":{"start":{"line":14,"column":20},"end":{"line":16,"column":3}}}},"branchMap":{},"s":{"0":4,"1":4,"2":4,"3":4,"4":0,"5":0,"6":0,"7":4,"8":4},"f":{"0":0,"1":0},"b":{}}
,"/Applications/Projects/qr-voucher-prototype/apps/backend/src/purchase/purchase.controller.ts": {"path":"/Applications/Projects/qr-voucher-prototype/apps/backend/src/purchase/purchase.controller.ts","statementMap":{"0":{"start":{"line":1,"column":0},"end":{"line":1,"column":null}},"1":{"start":{"line":10,"column":0},"end":{"line":10,"column":53}},"2":{"start":{"line":11,"column":0},"end":{"line":11,"column":62}},"3":{"start":{"line":15,"column":7},"end":{"line":28,"column":null}},"4":{"start":{"line":16,"column":31},"end":{"line":16,"column":48}},"5":{"start":{"line":21,"column":4},"end":{"line":21,"column":52}},"6":{"start":{"line":26,"column":4},"end":{"line":26,"column":45}},"7":{"start":{"line":15,"column":13},"end":{"line":15,"column":31}},"8":{"start":{"line":20,"column":2},"end":{"line":22,"column":null}},"9":{"start":{"line":25,"column":2},"end":{"line":27,"column":null}},"10":{"start":{"line":15,"column":13},"end":{"line":28,"column":null}}},"fnMap":{"0":{"name":"(anonymous_4)","decl":{"start":{"line":16,"column":2},"end":{"line":16,"column":31}},"loc":{"start":{"line":16,"column":63},"end":{"line":16,"column":67}}},"1":{"name":"(anonymous_5)","decl":{"start":{"line":20,"column":2},"end":{"line":20,"column":8}},"loc":{"start":{"line":20,"column":39},"end":{"line":22,"column":3}}},"2":{"name":"(anonymous_6)","decl":{"start":{"line":25,"column":2},"end":{"line":25,"column":9}},"loc":{"start":{"line":25,"column":33},"end":{"line":27,"column":3}}}},"branchMap":{"0":{"loc":{"start":{"line":20,"column":22},"end":{"line":20,"column":42}},"type":"cond-expr","locations":[{"start":{"line":20,"column":39},"end":{"line":20,"column":42}},{"start":{"line":20,"column":39},"end":{"line":20,"column":42}}]},"1":{"loc":{"start":{"line":20,"column":22},"end":{"line":20,"column":39}},"type":"binary-expr","locations":[{"start":{"line":20,"column":22},"end":{"line":20,"column":42}},{"start":{"line":20,"column":22},"end":{"line":20,"column":39}}]},"2":{"loc":{"start":{"line":20,"column":42},"end":{"line":20,"column":null}},"type":"cond-expr","locations":[{"start":{"line":20,"column":49},"end":{"line":20,"column":null}},{"start":{"line":20,"column":49},"end":{"line":20,"column":null}}]},"3":{"loc":{"start":{"line":20,"column":42},"end":{"line":20,"column":49}},"type":"binary-expr","locations":[{"start":{"line":20,"column":42},"end":{"line":20,"column":null}},{"start":{"line":20,"column":42},"end":{"line":20,"column":49}}]},"4":{"loc":{"start":{"line":25,"column":36},"end":{"line":25,"column":null}},"type":"cond-expr","locations":[{"start":{"line":25,"column":43},"end":{"line":25,"column":null}},{"start":{"line":25,"column":43},"end":{"line":25,"column":null}}]},"5":{"loc":{"start":{"line":25,"column":36},"end":{"line":25,"column":43}},"type":"binary-expr","locations":[{"start":{"line":25,"column":36},"end":{"line":25,"column":null}},{"start":{"line":25,"column":36},"end":{"line":25,"column":43}}]},"6":{"loc":{"start":{"line":16,"column":48},"end":{"line":16,"column":66}},"type":"cond-expr","locations":[{"start":{"line":16,"column":63},"end":{"line":16,"column":66}},{"start":{"line":16,"column":63},"end":{"line":16,"column":66}}]},"7":{"loc":{"start":{"line":16,"column":48},"end":{"line":16,"column":63}},"type":"binary-expr","locations":[{"start":{"line":16,"column":48},"end":{"line":16,"column":66}},{"start":{"line":16,"column":48},"end":{"line":16,"column":63}}]}},"s":{"0":1,"1":1,"2":1,"3":1,"4":11,"5":3,"6":2,"7":1,"8":1,"9":1,"10":1},"f":{"0":11,"1":3,"2":2},"b":{"0":[1,0],"1":[1,1],"2":[1,0],"3":[1,1],"4":[1,0],"5":[1,1],"6":[1,0],"7":[1,1]}}
,"/Applications/Projects/qr-voucher-prototype/apps/backend/src/purchase/purchase.module.ts": {"path":"/Applications/Projects/qr-voucher-prototype/apps/backend/src/purchase/purchase.module.ts","statementMap":{"0":{"start":{"line":1,"column":0},"end":{"line":1,"column":40}},"1":{"start":{"line":2,"column":0},"end":{"line":2,"column":59}},"2":{"start":{"line":3,"column":0},"end":{"line":3,"column":53}},"3":{"start":{"line":4,"column":0},"end":{"line":4,"column":55}},"4":{"start":{"line":12,"column":7},"end":{"line":12,"column":null}},"5":{"start":{"line":12,"column":13},"end":{"line":12,"column":27}},"6":{"start":{"line":12,"column":13},"end":{"line":12,"column":null}}},"fnMap":{},"branchMap":{},"s":{"0":0,"1":0,"2":0,"3":0,"4":0,"5":0,"6":0},"f":{},"b":{}}
,"/Applications/Projects/qr-voucher-prototype/apps/backend/src/purchase/purchase.service.ts": {"path":"/Applications/Projects/qr-voucher-prototype/apps/backend/src/purchase/purchase.service.ts","statementMap":{"0":{"start":{"line":1,"column":0},"end":{"line":1,"column":40}},"1":{"start":{"line":2,"column":0},"end":{"line":2,"column":63}},"2":{"start":{"line":3,"column":0},"end":{"line":3,"column":57}},"3":{"start":{"line":5,"column":0},"end":{"line":5,"column":66}},"4":{"start":{"line":8,"column":7},"end":{"line":75,"column":null}},"5":{"start":{"line":9,"column":31},"end":{"line":9,"column":39}},"6":{"start":{"line":12,"column":16},"end":{"line":12,"column":57}},"7":{"start":{"line":12,"column":31},"end":{"line":12,"column":57}},"8":{"start":{"line":13,"column":14},"end":{"line":13,"column":36}},"9":{"start":{"line":14,"column":14},"end":{"line":14,"column":36}},"10":{"start":{"line":15,"column":4},"end":{"line":15,"column":25}},"11":{"start":{"line":19,"column":20},"end":{"line":21,"column":6}},"12":{"start":{"line":22,"column":4},"end":{"line":24,"column":5}},"13":{"start":{"line":23,"column":6},"end":{"line":23,"column":55}},"14":{"start":{"line":26,"column":23},"end":{"line":26,"column":42}},"15":{"start":{"line":27,"column":24},"end":{"line":27,"column":50}},"16":{"start":{"line":29,"column":21},"end":{"line":46,"column":6}},"17":{"start":{"line":48,"column":4},"end":{"line":55,"column":7}},"18":{"start":{"line":59,"column":21},"end":{"line":62,"column":6}},"19":{"start":{"line":63,"column":4},"end":{"line":65,"column":5}},"20":{"start":{"line":64,"column":6},"end":{"line":64,"column":56}},"21":{"start":{"line":66,"column":4},"end":{"line":73,"column":7}},"22":{"start":{"line":8,"column":13},"end":{"line":8,"column":28}},"23":{"start":{"line":8,"column":13},"end":{"line":75,"column":null}}},"fnMap":{"0":{"name":"(anonymous_2)","decl":{"start":{"line":9,"column":2},"end":{"line":9,"column":31}},"loc":{"start":{"line":9,"column":52},"end":{"line":9,"column":56}}},"1":{"name":"(anonymous_3)","decl":{"start":{"line":11,"column":10},"end":{"line":11,"column":29}},"loc":{"start":{"line":11,"column":29},"end":{"line":16,"column":3}}},"2":{"name":"(anonymous_4)","decl":{"start":{"line":12,"column":16},"end":{"line":12,"column":17}},"loc":{"start":{"line":12,"column":31},"end":{"line":12,"column":57}}},"3":{"name":"(anonymous_5)","decl":{"start":{"line":18,"column":2},"end":{"line":18,"column":7}},"loc":{"start":{"line":18,"column":45},"end":{"line":56,"column":3}}},"4":{"name":"(anonymous_6)","decl":{"start":{"line":58,"column":2},"end":{"line":58,"column":7}},"loc":{"start":{"line":58,"column":27},"end":{"line":74,"column":3}}}},"branchMap":{"0":{"loc":{"start":{"line":22,"column":4},"end":{"line":24,"column":5}},"type":"if","locations":[{"start":{"line":22,"column":4},"end":{"line":24,"column":5}}]},"1":{"loc":{"start":{"line":63,"column":4},"end":{"line":65,"column":5}},"type":"if","locations":[{"start":{"line":63,"column":4},"end":{"line":65,"column":5}}]},"2":{"loc":{"start":{"line":9,"column":39},"end":{"line":9,"column":55}},"type":"cond-expr","locations":[{"start":{"line":9,"column":52},"end":{"line":9,"column":55}},{"start":{"line":9,"column":52},"end":{"line":9,"column":55}}]},"3":{"loc":{"start":{"line":9,"column":39},"end":{"line":9,"column":52}},"type":"binary-expr","locations":[{"start":{"line":9,"column":39},"end":{"line":9,"column":55}},{"start":{"line":9,"column":39},"end":{"line":9,"column":52}}]}},"s":{"0":2,"1":2,"2":2,"3":2,"4":2,"5":9,"6":5,"7":10,"8":5,"9":5,"10":5,"11":7,"12":7,"13":2,"14":5,"15":5,"16":5,"17":5,"18":2,"19":2,"20":1,"21":1,"22":2,"23":2},"f":{"0":9,"1":5,"2":10,"3":7,"4":2},"b":{"0":[2],"1":[1],"2":[2,0],"3":[2,2]}}
,"/Applications/Projects/qr-voucher-prototype/apps/backend/src/purchase/dto/billing-address.dto.ts": {"path":"/Applications/Projects/qr-voucher-prototype/apps/backend/src/purchase/dto/billing-address.dto.ts","statementMap":{"0":{"start":{"line":1,"column":0},"end":{"line":1,"column":78}},"1":{"start":{"line":2,"column":0},"end":{"line":2,"column":46}},"2":{"start":{"line":4,"column":0},"end":{"line":4,"column":13}},"3":{"start":{"line":11,"column":2},"end":{"line":11,"column":null}},"4":{"start":{"line":9,"column":4},"end":{"line":9,"column":52}},"5":{"start":{"line":19,"column":2},"end":{"line":19,"column":null}},"6":{"start":{"line":17,"column":4},"end":{"line":17,"column":52}},"7":{"start":{"line":27,"column":2},"end":{"line":27,"column":null}},"8":{"start":{"line":25,"column":4},"end":{"line":25,"column":52}},"9":{"start":{"line":35,"column":2},"end":{"line":35,"column":null}},"10":{"start":{"line":33,"column":4},"end":{"line":33,"column":52}},"11":{"start":{"line":43,"column":2},"end":{"line":43,"column":null}},"12":{"start":{"line":41,"column":4},"end":{"line":41,"column":52}},"13":{"start":{"line":51,"column":2},"end":{"line":51,"column":null}},"14":{"start":{"line":49,"column":4},"end":{"line":49,"column":52}}},"fnMap":{"0":{"name":"(anonymous_2)","decl":{"start":{"line":8,"column":13},"end":{"line":8,"column":14}},"loc":{"start":{"line":9,"column":4},"end":{"line":9,"column":52}}},"1":{"name":"(anonymous_3)","decl":{"start":{"line":16,"column":13},"end":{"line":16,"column":14}},"loc":{"start":{"line":17,"column":4},"end":{"line":17,"column":52}}},"2":{"name":"(anonymous_4)","decl":{"start":{"line":24,"column":13},"end":{"line":24,"column":14}},"loc":{"start":{"line":25,"column":4},"end":{"line":25,"column":52}}},"3":{"name":"(anonymous_5)","decl":{"start":{"line":32,"column":13},"end":{"line":32,"column":14}},"loc":{"start":{"line":33,"column":4},"end":{"line":33,"column":52}}},"4":{"name":"(anonymous_6)","decl":{"start":{"line":40,"column":13},"end":{"line":40,"column":14}},"loc":{"start":{"line":41,"column":4},"end":{"line":41,"column":52}}},"5":{"name":"(anonymous_7)","decl":{"start":{"line":48,"column":13},"end":{"line":48,"column":14}},"loc":{"start":{"line":49,"column":4},"end":{"line":49,"column":52}}}},"branchMap":{"0":{"loc":{"start":{"line":9,"column":4},"end":{"line":9,"column":52}},"type":"cond-expr","locations":[{"start":{"line":9,"column":32},"end":{"line":9,"column":44}},{"start":{"line":9,"column":47},"end":{"line":9,"column":52}}]},"1":{"loc":{"start":{"line":17,"column":4},"end":{"line":17,"column":52}},"type":"cond-expr","locations":[{"start":{"line":17,"column":32},"end":{"line":17,"column":44}},{"start":{"line":17,"column":47},"end":{"line":17,"column":52}}]},"2":{"loc":{"start":{"line":25,"column":4},"end":{"line":25,"column":52}},"type":"cond-expr","locations":[{"start":{"line":25,"column":32},"end":{"line":25,"column":44}},{"start":{"line":25,"column":47},"end":{"line":25,"column":52}}]},"3":{"loc":{"start":{"line":33,"column":4},"end":{"line":33,"column":52}},"type":"cond-expr","locations":[{"start":{"line":33,"column":32},"end":{"line":33,"column":44}},{"start":{"line":33,"column":47},"end":{"line":33,"column":52}}]},"4":{"loc":{"start":{"line":41,"column":4},"end":{"line":41,"column":52}},"type":"cond-expr","locations":[{"start":{"line":41,"column":32},"end":{"line":41,"column":44}},{"start":{"line":41,"column":47},"end":{"line":41,"column":52}}]},"5":{"loc":{"start":{"line":49,"column":4},"end":{"line":49,"column":52}},"type":"cond-expr","locations":[{"start":{"line":49,"column":32},"end":{"line":49,"column":44}},{"start":{"line":49,"column":47},"end":{"line":49,"column":52}}]}},"s":{"0":1,"1":1,"2":1,"3":1,"4":6,"5":1,"6":0,"7":1,"8":6,"9":1,"10":6,"11":1,"12":6,"13":1,"14":6},"f":{"0":6,"1":0,"2":6,"3":6,"4":6,"5":6},"b":{"0":[6,0],"1":[0,0],"2":[6,0],"3":[6,0],"4":[6,0],"5":[6,0]}}
,"/Applications/Projects/qr-voucher-prototype/apps/backend/src/purchase/dto/create-purchase.dto.ts": {"path":"/Applications/Projects/qr-voucher-prototype/apps/backend/src/purchase/dto/create-purchase.dto.ts","statementMap":{"0":{"start":{"line":1,"column":0},"end":{"line":1,"column":71}},"1":{"start":{"line":2,"column":0},"end":{"line":2,"column":41}},"2":{"start":{"line":3,"column":0},"end":{"line":3,"column":58}},"3":{"start":{"line":5,"column":0},"end":{"line":5,"column":13}},"4":{"start":{"line":8,"column":2},"end":{"line":8,"column":null}},"5":{"start":{"line":12,"column":2},"end":{"line":12,"column":null}},"6":{"start":{"line":11,"column":14},"end":{"line":11,"column":31}}},"fnMap":{"0":{"name":"(anonymous_2)","decl":{"start":{"line":11,"column":8},"end":{"line":11,"column":11}},"loc":{"start":{"line":11,"column":14},"end":{"line":11,"column":31}}}},"branchMap":{"0":{"loc":{"start":{"line":12,"column":18},"end":{"line":12,"column":36}},"type":"cond-expr","locations":[{"start":{"line":12,"column":35},"end":{"line":12,"column":36}},{"start":{"line":12,"column":35},"end":{"line":12,"column":36}}]},"1":{"loc":{"start":{"line":12,"column":18},"end":{"line":12,"column":35}},"type":"binary-expr","locations":[{"start":{"line":12,"column":18},"end":{"line":12,"column":36}},{"start":{"line":12,"column":18},"end":{"line":12,"column":35}}]}},"s":{"0":1,"1":1,"2":1,"3":1,"4":1,"5":1,"6":7},"f":{"0":7},"b":{"0":[1,0],"1":[1,1]}}
,"/Applications/Projects/qr-voucher-prototype/apps/backend/src/purchase/dto/purchase-response.dto.ts": {"path":"/Applications/Projects/qr-voucher-prototype/apps/backend/src/purchase/dto/purchase-response.dto.ts","statementMap":{"0":{"start":{"line":1,"column":0},"end":{"line":1,"column":52}},"1":{"start":{"line":4,"column":7},"end":{"line":15,"column":null}},"2":{"start":{"line":13,"column":4},"end":{"line":13,"column":33}},"3":{"start":{"line":4,"column":13},"end":{"line":4,"column":32}},"4":{"start":{"line":5,"column":12},"end":{"line":5,"column":null}},"5":{"start":{"line":6,"column":12},"end":{"line":6,"column":null}},"6":{"start":{"line":7,"column":12},"end":{"line":7,"column":null}},"7":{"start":{"line":8,"column":12},"end":{"line":8,"column":null}},"8":{"start":{"line":9,"column":12},"end":{"line":9,"column":null}},"9":{"start":{"line":10,"column":12},"end":{"line":10,"column":null}},"10":{"start":{"line":4,"column":13},"end":{"line":15,"column":null}}},"fnMap":{"0":{"name":"(anonymous_2)","decl":{"start":{"line":12,"column":2},"end":{"line":12,"column":14}},"loc":{"start":{"line":12,"column":51},"end":{"line":14,"column":3}}}},"branchMap":{"0":{"loc":{"start":{"line":12,"column":23},"end":{"line":12,"column":51}},"type":"cond-expr","locations":[{"start":{"line":12,"column":30},"end":{"line":12,"column":51}},{"start":{"line":12,"column":30},"end":{"line":12,"column":51}}]},"1":{"loc":{"start":{"line":12,"column":23},"end":{"line":12,"column":30}},"type":"binary-expr","locations":[{"start":{"line":12,"column":23},"end":{"line":12,"column":51}},{"start":{"line":12,"column":23},"end":{"line":12,"column":30}}]}},"s":{"0":2,"1":2,"2":6,"3":2,"4":2,"5":2,"6":2,"7":2,"8":2,"9":2,"10":2},"f":{"0":6},"b":{"0":[0,2],"1":[2,0]}}
,"/Applications/Projects/qr-voucher-prototype/apps/backend/src/voucher/voucher.controller.ts": {"path":"/Applications/Projects/qr-voucher-prototype/apps/backend/src/voucher/voucher.controller.ts","statementMap":{"0":{"start":{"line":1,"column":0},"end":{"line":1,"column":56}},"1":{"start":{"line":2,"column":0},"end":{"line":2,"column":51}},"2":{"start":{"line":6,"column":7},"end":{"line":18,"column":null}},"3":{"start":{"line":7,"column":31},"end":{"line":7,"column":47}},"4":{"start":{"line":11,"column":4},"end":{"line":11,"column":41}},"5":{"start":{"line":16,"column":4},"end":{"line":16,"column":43}},"6":{"start":{"line":6,"column":13},"end":{"line":6,"column":30}},"7":{"start":{"line":10,"column":2},"end":{"line":12,"column":null}},"8":{"start":{"line":15,"column":2},"end":{"line":17,"column":null}},"9":{"start":{"line":6,"column":13},"end":{"line":18,"column":null}}},"fnMap":{"0":{"name":"(anonymous_4)","decl":{"start":{"line":7,"column":2},"end":{"line":7,"column":31}},"loc":{"start":{"line":7,"column":61},"end":{"line":7,"column":65}}},"1":{"name":"(anonymous_5)","decl":{"start":{"line":10,"column":2},"end":{"line":10,"column":9}},"loc":{"start":{"line":10,"column":9},"end":{"line":12,"column":3}}},"2":{"name":"(anonymous_6)","decl":{"start":{"line":15,"column":2},"end":{"line":15,"column":9}},"loc":{"start":{"line":15,"column":33},"end":{"line":17,"column":3}}}},"branchMap":{"0":{"loc":{"start":{"line":10,"column":13},"end":{"line":10,"column":null}},"type":"cond-expr","locations":[{"start":{"line":10,"column":20},"end":{"line":10,"column":null}},{"start":{"line":10,"column":20},"end":{"line":10,"column":null}}]},"1":{"loc":{"start":{"line":10,"column":13},"end":{"line":10,"column":20}},"type":"binary-expr","locations":[{"start":{"line":10,"column":13},"end":{"line":10,"column":null}},{"start":{"line":10,"column":13},"end":{"line":10,"column":20}}]},"2":{"loc":{"start":{"line":15,"column":36},"end":{"line":15,"column":null}},"type":"cond-expr","locations":[{"start":{"line":15,"column":43},"end":{"line":15,"column":null}},{"start":{"line":15,"column":43},"end":{"line":15,"column":null}}]},"3":{"loc":{"start":{"line":15,"column":36},"end":{"line":15,"column":43}},"type":"binary-expr","locations":[{"start":{"line":15,"column":36},"end":{"line":15,"column":null}},{"start":{"line":15,"column":36},"end":{"line":15,"column":43}}]},"4":{"loc":{"start":{"line":7,"column":47},"end":{"line":7,"column":64}},"type":"cond-expr","locations":[{"start":{"line":7,"column":61},"end":{"line":7,"column":64}},{"start":{"line":7,"column":61},"end":{"line":7,"column":64}}]},"5":{"loc":{"start":{"line":7,"column":47},"end":{"line":7,"column":61}},"type":"binary-expr","locations":[{"start":{"line":7,"column":47},"end":{"line":7,"column":64}},{"start":{"line":7,"column":47},"end":{"line":7,"column":61}}]}},"s":{"0":1,"1":1,"2":1,"3":5,"4":3,"5":2,"6":1,"7":1,"8":1,"9":1},"f":{"0":5,"1":3,"2":2},"b":{"0":[1,0],"1":[1,1],"2":[1,0],"3":[1,1],"4":[1,0],"5":[1,1]}}
,"/Applications/Projects/qr-voucher-prototype/apps/backend/src/voucher/voucher.module.ts": {"path":"/Applications/Projects/qr-voucher-prototype/apps/backend/src/voucher/voucher.module.ts","statementMap":{"0":{"start":{"line":1,"column":0},"end":{"line":1,"column":40}},"1":{"start":{"line":2,"column":0},"end":{"line":2,"column":57}},"2":{"start":{"line":3,"column":0},"end":{"line":3,"column":51}},"3":{"start":{"line":4,"column":0},"end":{"line":4,"column":55}},"4":{"start":{"line":12,"column":7},"end":{"line":12,"column":null}},"5":{"start":{"line":12,"column":13},"end":{"line":12,"column":26}},"6":{"start":{"line":12,"column":13},"end":{"line":12,"column":null}}},"fnMap":{},"branchMap":{},"s":{"0":0,"1":0,"2":0,"3":0,"4":0,"5":0,"6":0},"f":{},"b":{}}
,"/Applications/Projects/qr-voucher-prototype/apps/backend/src/voucher/voucher.service.ts": {"path":"/Applications/Projects/qr-voucher-prototype/apps/backend/src/voucher/voucher.service.ts","statementMap":{"0":{"start":{"line":1,"column":0},"end":{"line":1,"column":63}},"1":{"start":{"line":2,"column":0},"end":{"line":2,"column":57}},"2":{"start":{"line":3,"column":0},"end":{"line":3,"column":64}},"3":{"start":{"line":6,"column":7},"end":{"line":36,"column":null}},"4":{"start":{"line":7,"column":31},"end":{"line":7,"column":39}},"5":{"start":{"line":10,"column":21},"end":{"line":12,"column":6}},"6":{"start":{"line":13,"column":4},"end":{"line":21,"column":6}},"7":{"start":{"line":15,"column":8},"end":{"line":20,"column":10}},"8":{"start":{"line":25,"column":20},"end":{"line":25,"column":79}},"9":{"start":{"line":26,"column":4},"end":{"line":28,"column":5}},"10":{"start":{"line":27,"column":6},"end":{"line":27,"column":55}},"11":{"start":{"line":29,"column":4},"end":{"line":34,"column":7}},"12":{"start":{"line":6,"column":13},"end":{"line":6,"column":27}},"13":{"start":{"line":6,"column":13},"end":{"line":36,"column":null}}},"fnMap":{"0":{"name":"(anonymous_2)","decl":{"start":{"line":7,"column":2},"end":{"line":7,"column":31}},"loc":{"start":{"line":7,"column":52},"end":{"line":7,"column":56}}},"1":{"name":"(anonymous_3)","decl":{"start":{"line":9,"column":2},"end":{"line":9,"column":7}},"loc":{"start":{"line":9,"column":15},"end":{"line":22,"column":3}}},"2":{"name":"(anonymous_4)","decl":{"start":{"line":14,"column":6},"end":{"line":14,"column":7}},"loc":{"start":{"line":15,"column":8},"end":{"line":20,"column":10}}},"3":{"name":"(anonymous_5)","decl":{"start":{"line":24,"column":2},"end":{"line":24,"column":7}},"loc":{"start":{"line":24,"column":26},"end":{"line":35,"column":3}}}},"branchMap":{"0":{"loc":{"start":{"line":26,"column":4},"end":{"line":28,"column":5}},"type":"if","locations":[{"start":{"line":26,"column":4},"end":{"line":28,"column":5}}]},"1":{"loc":{"start":{"line":7,"column":39},"end":{"line":7,"column":55}},"type":"cond-expr","locations":[{"start":{"line":7,"column":52},"end":{"line":7,"column":55}},{"start":{"line":7,"column":52},"end":{"line":7,"column":55}}]},"2":{"loc":{"start":{"line":7,"column":39},"end":{"line":7,"column":52}},"type":"binary-expr","locations":[{"start":{"line":7,"column":39},"end":{"line":7,"column":55}},{"start":{"line":7,"column":39},"end":{"line":7,"column":52}}]}},"s":{"0":2,"1":2,"2":2,"3":2,"4":5,"5":3,"6":3,"7":18,"8":2,"9":2,"10":1,"11":1,"12":2,"13":2},"f":{"0":5,"1":3,"2":18,"3":2},"b":{"0":[1],"1":[2,0],"2":[2,2]}}
,"/Applications/Projects/qr-voucher-prototype/apps/backend/src/voucher/dto/voucher-response.dto.ts": {"path":"/Applications/Projects/qr-voucher-prototype/apps/backend/src/voucher/dto/voucher-response.dto.ts","statementMap":{"0":{"start":{"line":1,"column":0},"end":{"line":1,"column":52}},"1":{"start":{"line":4,"column":7},"end":{"line":13,"column":null}},"2":{"start":{"line":11,"column":4},"end":{"line":11,"column":33}},"3":{"start":{"line":4,"column":13},"end":{"line":4,"column":31}},"4":{"start":{"line":5,"column":12},"end":{"line":5,"column":null}},"5":{"start":{"line":6,"column":12},"end":{"line":6,"column":null}},"6":{"start":{"line":7,"column":12},"end":{"line":7,"column":null}},"7":{"start":{"line":8,"column":12},"end":{"line":8,"column":null}},"8":{"start":{"line":4,"column":13},"end":{"line":13,"column":null}}},"fnMap":{"0":{"name":"(anonymous_2)","decl":{"start":{"line":10,"column":2},"end":{"line":10,"column":14}},"loc":{"start":{"line":10,"column":50},"end":{"line":12,"column":3}}}},"branchMap":{"0":{"loc":{"start":{"line":10,"column":23},"end":{"line":10,"column":50}},"type":"cond-expr","locations":[{"start":{"line":10,"column":30},"end":{"line":10,"column":50}},{"start":{"line":10,"column":30},"end":{"line":10,"column":50}}]},"1":{"loc":{"start":{"line":10,"column":23},"end":{"line":10,"column":30}},"type":"binary-expr","locations":[{"start":{"line":10,"column":23},"end":{"line":10,"column":50}},{"start":{"line":10,"column":23},"end":{"line":10,"column":30}}]}},"s":{"0":2,"1":2,"2":19,"3":2,"4":2,"5":2,"6":2,"7":2,"8":2},"f":{"0":19},"b":{"0":[0,2],"1":[2,0]}}
}
